<?xml version="1.0" encoding="UTF-8"?>
<!-- Generated by org.testng.reporters.JUnitReportReporter -->
<testsuite hostname="DESKTOP-63AKE56" failures="0" tests="1" name="testcases.placeOrderTest" time="44.065" errors="0" timestamp="2024-04-20T03:54:29 BDT" skipped="0">
  <testcase classname="testcases.placeOrderTest" name="placeOrderWithValidCredentials" time="44.065"/>
  <system-out/>
</testsuite> <!-- testcases.placeOrderTest -->
