<?xml version="1.0" encoding="UTF-8"?>
<!-- Generated by org.testng.reporters.JUnitReportReporter -->
<testsuite hostname="DESKTOP-63AKE56" failures="0" tests="1" name="testcases.nopCommerceHomePageTest" time="18.061" errors="0" timestamp="2024-04-19T00:46:10 BDT" skipped="0">
  <testcase classname="testcases.nopCommerceHomePageTest" name="TestHomePageScroll" time="18.061"/>
  <system-out/>
</testsuite> <!-- testcases.nopCommerceHomePageTest -->
