<?xml version="1.0" encoding="UTF-8"?>
<!-- Generated by org.testng.reporters.JUnitReportReporter -->
<testsuite hostname="DESKTOP-63AKE56" failures="0" tests="1" name="testcases.nopCommerceRegistrationPageTest" time="23.711" errors="0" timestamp="2024-04-20T03:54:29 BDT" skipped="0">
  <testcase classname="testcases.nopCommerceRegistrationPageTest" name="testRegisterwithValidCredentials" time="23.711"/>
  <system-out/>
</testsuite> <!-- testcases.nopCommerceRegistrationPageTest -->
