<?xml version="1.0" encoding="UTF-8"?>
<!-- Generated by org.testng.reporters.JUnitReportReporter -->
<testsuite hostname="DESKTOP-63AKE56" failures="0" tests="1" name="testcases.nopCommerceHomePageTest" time="20.072" errors="0" timestamp="2024-04-18T22:15:27 BDT" skipped="0">
  <testcase classname="testcases.nopCommerceHomePageTest" name="TestHomePageScroll" time="20.072"/>
  <system-out/>
</testsuite> <!-- testcases.nopCommerceHomePageTest -->
